SIMLOG:: Cycle           4 PC:     zzzz I:     zzzz R: 0   0     0000 M: 0 0     0000     0000
SIMLOG:: Cycle           5 PC:     zzzz I:     zzzz R: 0   0     0000 M: 0 0     0000     0000
SIMLOG:: Cycle           6 PC:     zzzz I:     zzzz R: 0   0     0000 M: 0 0     0000     0000
SIMLOG:: Cycle           7 PC:     zzzz I:     zzzz R: 0   0     0000 M: 0 0     0043     0000
SIMLOG:: Cycle           8 PC:     zzzz I:     zzzz R: 1   0     0043 M: 0 0     43f2     0000
SIMLOG:: Cycle           9 PC:     zzzz I:     zzzz R: 1   0     43f2 M: 0 0     0067     0000
SIMLOG:: Cycle          10 PC:     zzzz I:     zzzz R: 1   1     0067 M: 0 0     6701     0043
SIMLOG:: Cycle          11 PC:     zzzz I:     zzzz R: 1   1     6701 M: 0 0     ffa3     0000
SIMLOG:: Cycle          12 PC:     zzzz I:     zzzz R: 1   2     ffa3 M: 0 0     a3b6     0000
SIMLOG:: Cycle          13 PC:     zzzz I:     zzzz R: 1   2     a3b6 M: 0 0     ffe2     0000
SIMLOG:: Cycle          14 PC:     zzzz I:     zzzz R: 1   3     ffe2 M: 0 0     e298     0000
SIMLOG:: Cycle          15 PC:     zzzz I:     zzzz R: 1   3     e298 M: 0 0     0059     a3b6
SIMLOG:: Cycle          16 PC:     zzzz I:     zzzz R: 1   4     0059 M: 0 0     5903     43f2
SIMLOG:: Cycle          17 PC:     zzzz I:     zzzz R: 1   4     5903 M: 0 0     ffb2     0000
SIMLOG:: Cycle          18 PC:     zzzz I:     zzzz R: 1   5     ffb2 M: 0 0     b2c1     0000
SIMLOG:: Cycle          19 PC:     zzzz I:     zzzz R: 1   5     b2c1 M: 0 0     003b     6701
SIMLOG:: Cycle          20 PC:     zzzz I:     zzzz R: 1   6     003b M: 0 0     3bca     0000
SIMLOG:: Cycle          21 PC:     zzzz I:     zzzz R: 1   6     3bca M: 0 0     ffff     0000
SIMLOG:: Cycle          22 PC:     zzzz I:     zzzz R: 1   7     ffff M: 0 0     ffea     0000
SIMLOG:: Cycle          23 PC:     zzzz I:     zzzz R: 1   7     ffea M: 0 0     0000     43f2
SIMLOG:: Cycle          24 PC:     zzzz I:     zzzz R: 1   1     0000 M: 0 0     0000     43f2
SIMLOG:: Cycle          25 PC:     zzzz I:     zzzz R: 1   6     0000 M: 0 0     87e4     43f2
SIMLOG:: Cycle          26 PC:     zzzz I:     zzzz R: 0   0     87e4 M: 0 0     0000     43f2
SIMLOG:: Cycle          27 PC:     zzzz I:     zzzz R: 0   0     0000 M: 0 0     87e4     43f2
SIMLOG:: Cycle          28 PC:     zzzz I:     zzzz R: 0   0     87e4 M: 0 0     87e4     43f2
SIMLOG:: Cycle          29 PC:     zzzz I:     zzzz R: 0   0     87e4 M: 0 0     87e4     43f2
SIMLOG:: Cycle          30 PC:     zzzz I:     zzzz R: 0   0     87e4 M: 0 0     87e4     43f2
SIMLOG:: Cycle          31 PC:     zzzz I:     zzzz R: 0   0     87e4 M: 0 0     87e4     43f2
SIMLOG:: Cycle          32 PC:     zzzz I:     zzzz R: 0   0     87e4 M: 0 0     87e4     43f2
SIMLOG:: Cycle          33 PC:     zzzz I:     zzzz R: 0   0     87e4 M: 0 0     87e4     43f2
SIMLOG:: Cycle          34 PC:     zzzz I:     zzzz R: 0   0     87e4 M: 0 0     87e4     43f2
SIMLOG:: Cycle          35 PC:     zzzz I:     zzzz R: 0   0     87e4 M: 0 0     87e4     43f2
SIMLOG:: Cycle          36 PC:     zzzz I:     zzzz R: 0   0     87e4 M: 0 0     87e4     43f2
SIMLOG:: Cycle          37 PC:     zzzz I:     zzzz R: 0   0     87e4 M: 0 0     87e4     43f2
SIMLOG:: Cycle          38 PC:     zzzz I:     zzzz R: 0   0     87e4 M: 0 0     87e4     43f2
SIMLOG:: Cycle          39 PC:     zzzz I:     zzzz R: 0   0     87e4 M: 0 0     87e4     43f2
SIMLOG:: Cycle          40 PC:     zzzz I:     zzzz R: 0   0     87e4 M: 0 0     87e4     43f2
SIMLOG:: Cycle          41 PC:     zzzz I:     zzzz R: 0   0     87e4 M: 0 0     87e4     43f2
SIMLOG:: Cycle          42 PC:     zzzz I:     zzzz R: 0   0     87e4 M: 0 0     87e4     43f2
SIMLOG:: Cycle          43 PC:     zzzz I:     zzzz R: 0   0     87e4 M: 0 0     87e4     43f2
SIMLOG:: Cycle          44 PC:     zzzz I:     zzzz R: 0   0     87e4 M: 0 0     87e4     43f2
SIMLOG:: Cycle          45 PC:     zzzz I:     zzzz R: 0   0     87e4 M: 0 0     87e4     43f2
SIMLOG:: Cycle          46 PC:     zzzz I:     zzzz R: 0   0     87e4 M: 0 0     87e4     43f2
SIMLOG:: Cycle          47 PC:     zzzz I:     zzzz R: 0   0     87e4 M: 0 0     87e4     43f2
SIMLOG:: Cycle          48 PC:     zzzz I:     zzzz R: 0   0     87e4 M: 0 0     43f2     43f2
SIMLOG:: Cycle          49 PC:     zzzz I:     zzzz R: 0   0     43f2 M: 0 0     87e4     43f2
SIMLOG:: Cycle          50 PC:     zzzz I:     zzzz R: 0   0     87e4 M: 0 0     87e4     43f2
SIMLOG:: Cycle          51 PC:     zzzz I:     zzzz R: 0   0     87e4 M: 0 0     87e4     43f2
SIMLOG:: Cycle          52 PC:     zzzz I:     zzzz R: 0   0     87e4 M: 0 0     87e4     43f2
SIMLOG:: Cycle          53 PC:     zzzz I:     zzzz R: 0   0     87e4 M: 0 0     87e4     43f2
SIMLOG:: Cycle          54 PC:     zzzz I:     zzzz R: 0   0     87e4 M: 0 0     87e4     43f2
SIMLOG:: Cycle          55 PC:     zzzz I:     zzzz R: 0   0     87e4 M: 0 0     87e4     43f2
SIMLOG:: Cycle          56 PC:     zzzz I:     zzzz R: 0   0     87e4 M: 0 0     87e4     43f2
SIMLOG:: Cycle          57 PC:     zzzz I:     zzzz R: 0   0     87e4 M: 0 0     87e4     43f2
SIMLOG:: Cycle          58 PC:     zzzz I:     zzzz R: 0   0     87e4 M: 0 0     87e4     43f2
SIMLOG:: Cycle          59 PC:     zzzz I:     zzzz R: 0   0     87e4 M: 0 0     87e4     43f2
SIMLOG:: Cycle          60 PC:     zzzz I:     zzzz R: 0   0     87e4 M: 0 0     87e4     43f2
SIMLOG:: Cycle          61 PC:     zzzz I:     zzzz R: 0   0     87e4 M: 0 0     87e4     43f2
SIMLOG:: Cycle          62 PC:     zzzz I:     zzzz R: 0   0     87e4 M: 0 0     87e4     43f2
SIMLOG:: Cycle          63 PC:     zzzz I:     zzzz R: 0   0     87e4 M: 0 0     87e4     43f2
SIMLOG:: Cycle          64 PC:     zzzz I:     zzzz R: 0   0     87e4 M: 0 0     87e4     43f2
SIMLOG:: Cycle          65 PC:     zzzz I:     zzzz R: 0   0     87e4 M: 0 0     b2c1     43f2
SIMLOG:: Cycle          66 PC:     zzzz I:     zzzz R: 0   0     b2c1 M: 0 0     87e4     43f2
SIMLOG:: Cycle          67 PC:     zzzz I:     zzzz R: 0   0     87e4 M: 0 0     87e4     43f2
SIMLOG:: Cycle          68 PC:     zzzz I:     zzzz R: 0   0     87e4 M: 0 0     87e4     43f2
SIMLOG:: Cycle          69 PC:     zzzz I:     zzzz R: 0   0     87e4 M: 0 0     87e4     43f2
SIMLOG:: Cycle          70 PC:     zzzz I:     zzzz R: 0   0     87e4 M: 0 0     87e4     43f2
SIMLOG:: Cycle          71 PC:     zzzz I:     zzzz R: 0   0     87e4 M: 0 0     87e4     43f2
SIMLOG:: Cycle          72 PC:     zzzz I:     zzzz R: 0   0     87e4 M: 0 0     87e4     43f2
SIMLOG:: Cycle          73 PC:     zzzz I:     zzzz R: 0   0     87e4 M: 0 0     87e4     43f2
SIMLOG:: Cycle          74 PC:     zzzz I:     zzzz R: 0   0     87e4 M: 0 0     87e4     43f2
SIMLOG:: Cycle          75 PC:     zzzz I:     zzzz R: 0   0     87e4 M: 0 0     87e4     43f2
SIMLOG:: Cycle          76 PC:     zzzz I:     zzzz R: 0   0     87e4 M: 0 0     87e4     43f2
SIMLOG:: Cycle          77 PC:     zzzz I:     zzzz R: 0   0     87e4 M: 0 0     87e4     43f2
SIMLOG:: Cycle          78 PC:     zzzz I:     zzzz R: 0   0     87e4 M: 0 0     e298     43f2
SIMLOG:: Cycle          79 PC:     zzzz I:     zzzz R: 0   0     e298 M: 0 0     87e4     43f2
SIMLOG:: Cycle          80 PC:     zzzz I:     zzzz R: 0   0     87e4 M: 0 0     87e4     43f2
SIMLOG:: Cycle          81 PC:     zzzz I:     zzzz R: 0   0     87e4 M: 0 0     87e4     43f2
SIMLOG:: Cycle          82 PC:     zzzz I:     zzzz R: 0   0     87e4 M: 0 0     87e4     43f2
SIMLOG:: Cycle          83 PC:     zzzz I:     zzzz R: 0   0     87e4 M: 0 0     87e4     43f2
SIMLOG:: Cycle          84 PC:     zzzz I:     zzzz R: 0   0     87e4 M: 0 0     87e4     43f2
SIMLOG:: Cycle          85 PC:     zzzz I:     zzzz R: 0   0     87e4 M: 0 0     87e4     43f2
SIMLOG:: Cycle          86 PC:     zzzz I:     zzzz R: 0   0     87e4 M: 0 0     87e4     43f2
SIMLOG:: Cycle          87 PC:     zzzz I:     zzzz R: 0   0     87e4 M: 0 0     87e4     43f2
SIMLOG:: Cycle          88 PC:     zzzz I:     zzzz R: 0   0     87e4 M: 0 0     87e4     43f2
SIMLOG:: Cycle          89 PC:     zzzz I:     zzzz R: 0   0     87e4 M: 0 0     87e4     43f2
SIMLOG:: Cycle          90 PC:     zzzz I:     zzzz R: 0   0     87e4 M: 0 0     87e4     43f2
SIMLOG:: Cycle          91 PC:     zzzz I:     zzzz R: 0   0     87e4 M: 0 0     a3b6     43f2
SIMLOG:: Cycle          92 PC:     zzzz I:     zzzz R: 0   0     a3b6 M: 0 0     87e4     43f2
SIMLOG:: Cycle          93 PC:     zzzz I:     zzzz R: 0   0     87e4 M: 0 0     87e4     43f2
SIMLOG:: Cycle          94 PC:     zzzz I:     zzzz R: 0   0     87e4 M: 0 0     87e4     43f2
SIMLOG:: Cycle          95 PC:     zzzz I:     zzzz R: 0   0     87e4 M: 0 0     87e4     43f2
SIMLOG:: Cycle          96 PC:     zzzz I:     zzzz R: 0   0     87e4 M: 0 0     87e4     43f2
SIMLOG:: Cycle          97 PC:     zzzz I:     zzzz R: 0   0     87e4 M: 0 0     87e4     43f2
SIMLOG:: Cycle          98 PC:     zzzz I:     zzzz R: 0   0     87e4 M: 0 0     87e4     43f2
SIMLOG:: Cycle          99 PC:     zzzz I:     zzzz R: 0   0     87e4 M: 0 0     87e4     43f2
SIMLOG:: Cycle         100 PC:     zzzz I:     zzzz R: 0   0     87e4 M: 0 0     87e4     43f2
SIMLOG:: Cycle         101 PC:     zzzz I:     zzzz R: 0   0     87e4 M: 0 0     87e4     43f2
SIMLOG:: Cycle         102 PC:     zzzz I:     zzzz R: 0   0     87e4 M: 0 0     87e4     43f2
SIMLOG:: Cycle         103 PC:     zzzz I:     zzzz R: 0   0     87e4 M: 0 0     87e4     43f2
SIMLOG:: Cycle         104 PC:     zzzz I:     zzzz R: 0   0     87e4 M: 0 0     ffea     43f2
SIMLOG:: Cycle         105 PC:     zzzz I:     zzzz R: 0   0     ffea M: 0 0     87e4     43f2
SIMLOG:: Cycle         106 PC:     zzzz I:     zzzz R: 0   0     87e4 M: 0 0     87e4     43f2
SIMLOG:: Cycle         107 PC:     zzzz I:     zzzz R: 0   0     87e4 M: 0 0     87e4     43f2
SIMLOG:: Cycle         108 PC:     zzzz I:     zzzz R: 0   0     87e4 M: 0 0     87e4     43f2
SIMLOG:: Cycle         109 PC:     zzzz I:     zzzz R: 0   0     87e4 M: 0 0     87e4     43f2
SIMLOG:: Cycle         110 PC:     zzzz I:     zzzz R: 0   0     87e4 M: 0 0     87e4     43f2
SIMLOG:: Cycle         111 PC:     zzzz I:     zzzz R: 0   0     87e4 M: 0 0     87e4     43f2
SIMLOG:: Cycle         112 PC:     zzzz I:     zzzz R: 0   0     87e4 M: 0 0     87e4     43f2
SIMLOG:: Cycle         113 PC:     zzzz I:     zzzz R: 0   0     87e4 M: 0 0     a3b6     43f2
SIMLOG:: Cycle         114 PC:     zzzz I:     zzzz R: 0   0     a3b6 M: 0 0     87e4     43f2
SIMLOG:: Cycle         115 PC:     zzzz I:     zzzz R: 0   0     87e4 M: 0 0     87e4     43f2
SIMLOG:: Cycle         116 PC:     zzzz I:     zzzz R: 0   0     87e4 M: 0 0     87e4     43f2
SIMLOG:: Cycle         117 PC:     zzzz I:     zzzz R: 0   0     87e4 M: 0 0     87e4     43f2
SIMLOG:: Cycle         118 PC:     zzzz I:     zzzz R: 0   0     87e4 M: 0 0     87e4     43f2
SIMLOG:: Cycle         119 PC:     zzzz I:     zzzz R: 0   0     87e4 M: 0 0     87e4     43f2
SIMLOG:: Cycle         120 PC:     zzzz I:     zzzz R: 0   0     87e4 M: 0 0     87e4     43f2
SIMLOG:: Cycle         121 PC:     zzzz I:     zzzz R: 0   0     87e4 M: 0 0     87e4     43f2
SIMLOG:: Cycle         122 PC:     zzzz I:     zzzz R: 0   0     87e4 M: 0 0     5903     43f2
SIMLOG:: Cycle         123 PC:     zzzz I:     zzzz R: 0   0     5903 M: 0 0     87e4     43f2
SIMLOG:: Cycle         124 PC:     zzzz I:     zzzz R: 0   0     87e4 M: 0 0     87e4     43f2
SIMLOG:: Cycle         125 PC:     zzzz I:     zzzz R: 0   0     87e4 M: 0 0     87e4     43f2
SIMLOG:: Cycle         126 PC:     zzzz I:     zzzz R: 0   0     87e4 M: 0 0     87e4     43f2
SIMLOG:: Cycle         127 PC:     zzzz I:     zzzz R: 0   0     87e4 M: 0 0     87e4     43f2
SIMLOG:: Cycle         128 PC:     zzzz I:     zzzz R: 0   0     87e4 M: 0 0     87e4     43f2
SIMLOG:: Cycle         129 PC:     zzzz I:     zzzz R: 0   0     87e4 M: 0 0     87e4     43f2
SIMLOG:: Cycle         130 PC:     zzzz I:     zzzz R: 0   0     87e4 M: 0 0     87e4     43f2
SIMLOG:: Cycle         131 PC:     zzzz I:     zzzz R: 0   0     87e4 M: 0 0     87e4     43f2
SIMLOG:: Cycle         132 PC:     zzzz I:     zzzz R: 0   0     87e4 M: 0 0     87e4     43f2
SIMLOG:: Cycle         133 PC:     zzzz I:     zzzz R: 0   0     87e4 M: 0 0     87e4     43f2
SIMLOG:: Cycle         134 PC:     zzzz I:     zzzz R: 0   0     87e4 M: 0 0     87e4     43f2
SIMLOG:: Cycle         135 PC:     zzzz I:     zzzz R: 0   0     87e4 M: 0 0     87e4     43f2
SIMLOG:: Cycle         136 PC:     zzzz I:     zzzz R: 0   0     87e4 M: 0 0     87e4     43f2
SIMLOG:: Cycle         137 PC:     zzzz I:     zzzz R: 0   0     87e4 M: 0 0     87e4     43f2
SIMLOG:: Cycle         138 PC:     zzzz I:     zzzz R: 0   0     87e4 M: 0 0     87e4     43f2
SIMLOG:: Cycle         139 PC:     zzzz I:     zzzz R: 0   0     87e4 M: 0 0     ffea     0000
SIMLOG:: Cycle         140 PC:     zzzz I:     zzzz R: 0   1     ffea M: 0 0     87e4     43f2
SIMLOG:: Cycle         141 PC:     zzzz I:     zzzz R: 0   0     87e4 M: 0 0     87e4     43f2
SIMLOG:: Cycle         142 PC:     zzzz I:     zzzz R: 0   0     87e4 M: 0 0     87e4     43f2
SIMLOG:: Cycle         143 PC:     zzzz I:     zzzz R: 0   0     87e4 M: 0 0     87e4     43f2
SIMLOG:: Cycle         144 PC:     zzzz I:     zzzz R: 0   0     87e4 M: 0 0     87e4     43f2
SIMLOG:: Cycle         145 PC:     zzzz I:     zzzz R: 0   0     87e4 M: 0 0     87e4     43f2
SIMLOG:: Cycle         146 PC:     zzzz I:     zzzz R: 0   0     87e4 M: 0 0     87e4     43f2
SIMLOG:: Cycle         147 PC:     zzzz I:     zzzz R: 0   0     87e4 M: 0 0     87e4     43f2
SIMLOG:: Cycle         148 PC:     zzzz I:     zzzz R: 0   0     87e4 M: 0 0     87e4     43f2
SIMLOG:: Cycle         149 PC:     zzzz I:     zzzz R: 0   0     87e4 M: 0 0     87e4     43f2
SIMLOG:: Cycle         150 PC:     zzzz I:     zzzz R: 0   0     87e4 M: 0 0     87e4     43f2
SIMLOG:: Cycle         151 PC:     zzzz I:     zzzz R: 0   0     87e4 M: 0 0     87e4     43f2
SIMLOG:: Cycle         152 PC:     zzzz I:     zzzz R: 0   0     87e4 M: 0 0     87e4     43f2
SIMLOG:: Cycle         153 PC:     zzzz I:     zzzz R: 0   0     87e4 M: 0 0     87e4     43f2
SIMLOG:: Cycle         154 PC:     zzzz I:     zzzz R: 0   0     87e4 M: 0 0     87e4     43f2
SIMLOG:: Cycle         155 PC:     zzzz I:     zzzz R: 0   0     87e4 M: 0 0     87e4     43f2
SIMLOG:: Cycle         156 PC:     zzzz I:     zzzz R: 0   0     87e4 M: 0 0     87e4     43f2
SIMLOG:: Cycle         157 PC:     zzzz I:     zzzz R: 0   0     87e4 M: 0 0     87e4     43f2
SIMLOG:: Cycle         158 PC:     zzzz I:     zzzz R: 0   0     87e4 M: 0 0     5903     43f2
SIMLOG:: Cycle         159 PC:     zzzz I:     zzzz R: 0   0     5903 M: 0 0     87e4     43f2
SIMLOG:: Cycle         160 PC:     zzzz I:     zzzz R: 0   0     87e4 M: 0 0     87e4     43f2
SIMLOG:: Cycle         161 PC:     zzzz I:     zzzz R: 0   0     87e4 M: 0 0     87e4     43f2
SIMLOG:: Cycle         162 PC:     zzzz I:     zzzz R: 0   0     87e4 M: 0 0     87e4     43f2
SIMLOG:: Cycle         163 PC:     zzzz I:     zzzz R: 0   0     87e4 M: 0 0     87e4     43f2
SIMLOG:: Cycle         164 PC:     zzzz I:     zzzz R: 0   0     87e4 M: 0 0     87e4     43f2
SIMLOG:: Cycle         165 PC:     zzzz I:     zzzz R: 0   0     87e4 M: 0 0     87e4     43f2
SIMLOG:: Cycle         166 PC:     zzzz I:     zzzz R: 0   0     87e4 M: 0 0     87e4     43f2
SIMLOG:: Cycle         167 PC:     zzzz I:     zzzz R: 0   0     87e4 M: 0 0     87e4     43f2
SIMLOG:: Cycle         168 PC:     zzzz I:     zzzz R: 0   0     87e4 M: 0 0     87e4     43f2
SIMLOG:: Cycle         169 PC:     zzzz I:     zzzz R: 0   0     87e4 M: 0 0     87e4     43f2
SIMLOG:: Cycle         170 PC:     zzzz I:     zzzz R: 0   0     87e4 M: 0 0     87e4     43f2
SIMLOG:: Cycle         171 PC:     zzzz I:     zzzz R: 0   0     87e4 M: 0 0     87e4     43f2
SIMLOG:: Cycle         172 PC:     zzzz I:     zzzz R: 0   0     87e4 M: 0 0     87e4     43f2
SIMLOG:: Cycle         173 PC:     zzzz I:     zzzz R: 0   0     87e4 M: 0 0     87e4     43f2
SIMLOG:: Cycle         174 PC:     zzzz I:     zzzz R: 0   0     87e4 M: 0 0     87e4     43f2
SIMLOG:: Cycle         175 PC:     zzzz I:     zzzz R: 0   0     87e4 M: 0 0     a3b6     43f2
SIMLOG:: Cycle         176 PC:     zzzz I:     zzzz R: 0   0     a3b6 M: 0 0     87e4     43f2
SIMLOG:: Cycle         177 PC:     zzzz I:     zzzz R: 0   0     87e4 M: 0 0     87e4     43f2
SIMLOG:: Cycle         178 PC:     zzzz I:     zzzz R: 0   0     87e4 M: 0 0     87e4     43f2
SIMLOG:: Cycle         179 PC:     zzzz I:     zzzz R: 0   0     87e4 M: 0 0     87e4     43f2
SIMLOG:: Cycle         180 PC:     zzzz I:     zzzz R: 0   0     87e4 M: 0 0     87e4     43f2
SIMLOG:: Cycle         181 PC:     zzzz I:     zzzz R: 0   0     87e4 M: 0 0     87e4     43f2
SIMLOG:: Cycle         182 PC:     zzzz I:     zzzz R: 0   0     87e4 M: 0 0     87e4     43f2
SIMLOG:: Cycle         183 PC:     zzzz I:     zzzz R: 0   0     87e4 M: 0 0     87e4     43f2
SIMLOG:: Cycle         184 PC:     zzzz I:     zzzz R: 0   0     87e4 M: 0 0     87e4     43f2
SIMLOG:: Cycle         185 PC:     zzzz I:     zzzz R: 0   0     87e4 M: 0 0     87e4     43f2
SIMLOG:: Cycle         186 PC:     zzzz I:     zzzz R: 0   0     87e4 M: 0 0     87e4     43f2
SIMLOG:: Cycle         187 PC:     zzzz I:     zzzz R: 0   0     87e4 M: 0 0     87e4     43f2
SIMLOG:: Cycle         188 PC:     zzzz I:     zzzz R: 0   0     87e4 M: 0 0     e298     43f2
SIMLOG:: Cycle         189 PC:     zzzz I:     zzzz R: 0   0     e298 M: 0 0     87e4     43f2
SIMLOG:: Cycle         190 PC:     zzzz I:     zzzz R: 0   0     87e4 M: 0 0     87e4     43f2
SIMLOG:: Cycle         191 PC:     zzzz I:     zzzz R: 0   0     87e4 M: 0 0     87e4     43f2
SIMLOG:: Cycle         192 PC:     zzzz I:     zzzz R: 0   0     87e4 M: 0 0     87e4     43f2
SIMLOG:: Cycle         193 PC:     zzzz I:     zzzz R: 0   0     87e4 M: 0 0     87e4     43f2
SIMLOG:: Cycle         194 PC:     zzzz I:     zzzz R: 0   0     87e4 M: 0 0     87e4     43f2
SIMLOG:: Cycle         195 PC:     zzzz I:     zzzz R: 0   0     87e4 M: 0 0     87e4     43f2
SIMLOG:: Cycle         196 PC:     zzzz I:     zzzz R: 0   0     87e4 M: 0 0     87e4     43f2
SIMLOG:: Cycle         197 PC:     zzzz I:     zzzz R: 0   0     87e4 M: 0 0     87e4     43f2
SIMLOG:: Cycle         198 PC:     zzzz I:     zzzz R: 0   0     87e4 M: 0 0     87e4     43f2
SIMLOG:: Cycle         199 PC:     zzzz I:     zzzz R: 0   0     87e4 M: 0 0     87e4     43f2
SIMLOG:: Cycle         200 PC:     zzzz I:     zzzz R: 0   0     87e4 M: 0 0     87e4     43f2
SIMLOG:: Cycle         201 PC:     zzzz I:     zzzz R: 0   0     87e4 M: 0 0     a3b6     43f2
SIMLOG:: Cycle         202 PC:     zzzz I:     zzzz R: 0   0     a3b6 M: 0 0     87e4     43f2
SIMLOG:: Cycle         203 PC:     zzzz I:     zzzz R: 0   0     87e4 M: 0 0     87e4     43f2
SIMLOG:: Cycle         204 PC:     zzzz I:     zzzz R: 0   0     87e4 M: 0 0     87e4     43f2
SIMLOG:: Cycle         205 PC:     zzzz I:     zzzz R: 0   0     87e4 M: 0 0     87e4     43f2
SIMLOG:: Cycle         206 PC:     zzzz I:     zzzz R: 0   0     87e4 M: 0 0     87e4     43f2
SIMLOG:: Cycle         207 PC:     zzzz I:     zzzz R: 0   0     87e4 M: 0 0     87e4     43f2
SIMLOG:: Cycle         208 PC:     zzzz I:     zzzz R: 0   0     87e4 M: 0 0     87e4     43f2
SIMLOG:: Cycle         209 PC:     zzzz I:     zzzz R: 0   0     87e4 M: 0 0     87e4     43f2
SIMLOG:: Cycle         210 PC:     zzzz I:     zzzz R: 0   0     87e4 M: 0 0     ffea     43f2
SIMLOG:: Cycle         211 PC:     zzzz I:     zzzz R: 0   0     ffea M: 0 0     87e4     43f2
SIMLOG:: Cycle         212 PC:     zzzz I:     zzzz R: 0   0     87e4 M: 0 0     87e4     43f2
SIMLOG:: Cycle         213 PC:     zzzz I:     zzzz R: 0   0     87e4 M: 0 0     87e4     43f2
SIMLOG:: Cycle         214 PC:     zzzz I:     zzzz R: 0   0     87e4 M: 0 0     87e4     43f2
SIMLOG:: Cycle         215 PC:     zzzz I:     zzzz R: 0   0     87e4 M: 0 0     87e4     43f2
SIMLOG:: Cycle         216 PC:     zzzz I:     zzzz R: 0   0     87e4 M: 0 0     87e4     43f2
SIMLOG:: Cycle         217 PC:     zzzz I:     zzzz R: 0   0     87e4 M: 0 0     b2c1     43f2
SIMLOG:: Cycle         218 PC:     zzzz I:     zzzz R: 0   0     b2c1 M: 0 0     87e4     43f2
SIMLOG:: Cycle         219 PC:     zzzz I:     zzzz R: 0   0     87e4 M: 0 0     87e4     43f2
SIMLOG:: Cycle         220 PC:     zzzz I:     zzzz R: 0   0     87e4 M: 0 0     87e4     43f2
SIMLOG:: Cycle         221 PC:     zzzz I:     zzzz R: 0   0     87e4 M: 0 0     87e4     43f2
SIMLOG:: Cycle         222 PC:     zzzz I:     zzzz R: 0   0     87e4 M: 0 0     0000     43f2
SIMLOG:: Cycle         223 PC:     zzzz I:     zzzz R: 0   0     0000 M: 0 0     87e4     43f2
SIMLOG:: Cycle         224 PC:     zzzz I:     zzzz R: 0   0     87e4 M: 0 0     87e4     43f2
SIMLOG:: Cycle         225 PC:     zzzz I:     zzzz R: 0   0     87e4 M: 0 0     87e4     43f2
SIMLOG:: Cycle         226 PC:     zzzz I:     zzzz R: 0   0     87e4 M: 0 0     87e4     43f2
SIMLOG:: Cycle         227 PC:     zzzz I:     zzzz R: 0   0     87e4 M: 0 0     87e4     43f2
SIMLOG:: Cycle         228 PC:     zzzz I:     zzzz R: 0   0     87e4 M: 0 0     87e4     43f2
SIMLOG:: Cycle         229 PC:     zzzz I:     zzzz R: 0   0     87e4 M: 0 0     87e4     43f2
SIMLOG:: Cycle         230 PC:     zzzz I:     zzzz R: 0   0     87e4 M: 0 0     87e4     43f2
SIMLOG:: Cycle         231 PC:     zzzz I:     zzzz R: 0   0     87e4 M: 0 0     87e4     43f2
SIMLOG:: Cycle         232 PC:     zzzz I:     zzzz R: 0   0     87e4 M: 0 0     87e4     43f2
SIMLOG:: Cycle         233 PC:     zzzz I:     zzzz R: 0   0     87e4 M: 0 0     87e4     43f2
SIMLOG:: Cycle         234 PC:     zzzz I:     zzzz R: 0   0     87e4 M: 0 0     87e4     43f2
SIMLOG:: Cycle         235 PC:     zzzz I:     zzzz R: 0   0     87e4 M: 0 0     87e4     43f2
SIMLOG:: Cycle         236 PC:     zzzz I:     zzzz R: 0   0     87e4 M: 0 0     87e4     43f2
SIMLOG:: Cycle         237 PC:     zzzz I:     zzzz R: 0   0     87e4 M: 0 0     87e4     43f2
SIMLOG:: Cycle         238 PC:     zzzz I:     zzzz R: 0   0     87e4 M: 0 0     87e4     43f2
SIMLOG:: Cycle         239 PC:     zzzz I:     zzzz R: 0   0     87e4 M: 0 0     87e4     43f2
SIMLOG:: Cycle         240 PC:     zzzz I:     zzzz R: 0   0     87e4 M: 0 0     87e4     43f2
SIMLOG:: Cycle         241 PC:     zzzz I:     zzzz R: 0   0     87e4 M: 0 0     87e4     43f2
SIMLOG:: Cycle         242 PC:     zzzz I:     zzzz R: 0   0     87e4 M: 0 0     87e4     43f2
SIMLOG:: Cycle         243 PC:     zzzz I:     zzzz R: 0   0     87e4 M: 0 0     87e4     43f2
SIMLOG:: Cycle         244 PC:     zzzz I:     zzzz R: 0   0     87e4 M: 0 0     87e4     43f2
SIMLOG:: Processor halted

SIMLOG:: sim_cycles         244

SIMLOG:: inst_count          19

SIMLOG:: dcachehit_count           0

SIMLOG:: icachehit_count           0

SIMLOG:: dcachereq_count           0

SIMLOG:: icachereq_count           0

