
WISCalculator v1.0
Author Derek Hower (drh5@cs.wisc.edu)
Type "help" for more information

Loading program...
Executing...
lbi r0, 0
INUM:        0 PC: 0x0000 REG: 0 VALUE: 0x0000
beqz r0, 2
INUM:        1 PC: 0x0002
bnez r0, 2
INUM:        2 PC: 0x0006
nop
INUM:        3 PC: 0x0008
beqz r0, 2
INUM:        4 PC: 0x000a
bnez r0, 2
INUM:        5 PC: 0x000e
nop
INUM:        6 PC: 0x0010
beqz r0, 2
INUM:        7 PC: 0x0012
bnez r0, 2
INUM:        8 PC: 0x0016
halt
program halted
INUM:        9 PC: 0x0018
Program Finished
