SIMLOG:: Cycle           4 PC:     zzzz I:     zzzz R: 0   0     0000 M: 0 0     0000     0000
SIMLOG:: Cycle           5 PC:     zzzz I:     zzzz R: 0   0     0000 M: 0 0     0000     0000
SIMLOG:: Cycle           6 PC:     zzzz I:     zzzz R: 0   0     0000 M: 0 0     0000     0000
SIMLOG:: Cycle           7 PC:     zzzz I:     zzzz R: 0   0     0000 M: 0 0     0000     0000
SIMLOG:: Cycle           8 PC:     zzzz I:     zzzz R: 1   0     0000 M: 0 0     0000     0000
SIMLOG:: Cycle           9 PC:     zzzz I:     zzzz R: 0   0     0000 M: 0 0     0000     0000
SIMLOG:: Cycle          10 PC:     zzzz I:     zzzz R: 0   0     0000 M: 0 0     0000     0000
SIMLOG:: Cycle          11 PC:     zzzz I:     zzzz R: 0   0     0000 M: 0 0     0000     0000
SIMLOG:: Cycle          12 PC:     zzzz I:     zzzz R: 0   0     0000 M: 0 0     0000     0000
SIMLOG:: Cycle          13 PC:     zzzz I:     zzzz R: 0   0     0000 M: 0 0     0000     0000
SIMLOG:: Cycle          14 PC:     zzzz I:     zzzz R: 0   0     0000 M: 0 0     0000     0000
SIMLOG:: Cycle          15 PC:     zzzz I:     zzzz R: 0   0     0000 M: 0 0     0000     0000
SIMLOG:: Cycle          16 PC:     zzzz I:     zzzz R: 0   0     0000 M: 0 0     0000     0000
SIMLOG:: Cycle          17 PC:     zzzz I:     zzzz R: 0   0     0000 M: 0 0     0000     0000
SIMLOG:: Cycle          18 PC:     zzzz I:     zzzz R: 0   0     0000 M: 0 0     0000     0000
SIMLOG:: Cycle          19 PC:     zzzz I:     zzzz R: 0   0     0000 M: 0 0     0000     0000
SIMLOG:: Cycle          20 PC:     zzzz I:     zzzz R: 0   0     0000 M: 0 0     0000     0000
SIMLOG:: Cycle          21 PC:     zzzz I:     zzzz R: 0   0     0000 M: 0 0     0000     0000
SIMLOG:: Processor halted

SIMLOG:: sim_cycles          21

SIMLOG:: inst_count           2

SIMLOG:: dcachehit_count           0

SIMLOG:: icachehit_count           0

SIMLOG:: dcachereq_count           0

SIMLOG:: icachereq_count           0

